          40 F   12.30000    
  -176.7300              41           0
  -17.76000      -16.93200      -13.69900      -9.355000      -3.846000    
  -2.233000      -1.225000     -0.6250000     -0.3070000     -0.1630000    
 -0.1100000     -0.2940000      -1.439000      -1.657000      -1.885000    
  -1.895000      -1.775000      -1.610000      -1.055000     -0.6380000    
  0.0000000E+00  0.6380000       1.055000       1.610000       1.775000    
   1.895000       1.885000       1.657000       1.439000      0.2940000    
  0.1100000      0.1630000      0.3070000      0.6250000       1.225000    
   2.233000       3.846000       9.355000       13.69900       16.93200    
   17.76000    
   12.30000       12.21000       11.97900       11.70200       11.30000    
   11.04800       10.73500       10.35000       9.889000       9.379000    
   8.363000       7.463000       5.827000       5.312000       4.205000    
   3.668000       2.955000       2.566000       1.956000       1.754000    
   1.593000       1.754000       1.956000       2.566000       2.955000    
   3.668000       4.205000       5.312000       5.827000       7.463000    
   8.363000       9.379000       9.889000       10.35000       10.73500    
   11.04800       11.30000       11.70200       11.97900       12.21000    
   12.30000    
  -170.7300              45           0
  -22.41800      -20.10600      -17.35800      -11.74800      -7.689000    
  -5.965000      -4.006000      -3.109000      -2.514000      -1.947000    
  -1.631000      -1.666000      -1.799000      -2.632000      -3.048000    
  -3.174000      -3.105000      -2.947000      -2.696000      -1.999000    
  -1.446000     -0.6110000      0.0000000E+00  0.6110000       1.446000    
   1.999000       2.696000       2.947000       3.105000       3.174000    
   3.048000       2.632000       1.799000       1.666000       1.631000    
   1.947000       2.514000       3.109000       4.006000       5.965000    
   7.689000       11.74800       17.35800       20.10600       22.41800    
   12.30000       11.89000       11.52600       10.96900       10.53000    
   10.27400       9.843000       9.557000       9.297000       8.871000    
   8.244000       7.724000       7.244000       5.198000       3.944000    
   2.880000       2.431000       2.026000       1.656000       1.038000    
  0.7160000      0.4290000      0.3790000      0.4290000      0.7160000    
   1.038000       1.656000       2.026000       2.431000       2.880000    
   3.944000       5.198000       7.244000       7.724000       8.244000    
   8.871000       9.297000       9.557000       9.843000       10.27400    
   10.53000       10.96900       11.52600       11.89000       12.30000    
  -160.7300              45           0
  -25.53900      -24.51800      -21.97300      -19.98600      -17.91400    
  -15.82300      -11.64400      -9.657000      -7.868000      -6.414000    
  -5.881000      -5.179000      -4.810000      -4.646000      -4.601000    
  -4.685000      -4.499000      -4.013000      -3.210000      -2.522000    
  -1.713000     -0.6300000      0.0000000E+00  0.6300000       1.713000    
   2.522000       3.210000       4.013000       4.499000       4.685000    
   4.601000       4.646000       4.810000       5.179000       5.881000    
   6.414000       7.868000       9.657000       11.64400       15.82300    
   17.91400       19.98600       21.97300       24.51800       25.53900    
   12.30000       11.99800       11.40200       11.04600       10.72100    
   10.40100       9.693000       9.284000       8.832000       8.332000    
   8.066000       7.522000       6.964000       6.385000       5.779000    
   3.624000       2.592000       1.729000      0.9820000      0.5560000    
  0.2560000      5.6000002E-02  0.0000000E+00  5.6000002E-02  0.2560000    
  0.5560000      0.9820000       1.729000       2.592000       3.624000    
   5.779000       6.385000       6.964000       7.522000       8.066000    
   8.332000       8.832000       9.284000       9.693000       10.40100    
   10.72100       11.04600       11.40200       11.99800       12.30000    
  -150.7300              41           0
  -27.37500      -25.74700      -23.89200      -20.74500      -15.80200    
  -13.75000      -11.87700      -10.33500      -9.168000      -8.307000    
  -7.682000      -7.227000      -6.888000      -6.035000      -5.464000    
  -4.946000      -4.118000      -3.656000      -2.520000      -1.605000    
  0.0000000E+00   1.605000       2.520000       3.656000       4.118000    
   4.946000       5.464000       6.035000       6.888000       7.227000    
   7.682000       8.307000       9.168000       10.33500       11.87700    
   13.75000       15.80200       20.74500       23.89200       25.74700    
   27.37500    
   12.30000       11.58700       11.03600       10.34300       9.321000    
   8.844000       8.339000       7.812000       7.271000       6.716000    
   6.151000       5.577000       4.998000       3.069000       2.131000    
   1.530000      0.8870000      0.6510000      0.2780000      0.1110000    
  0.0000000E+00  0.1110000      0.2780000      0.6510000      0.8870000    
   1.530000       2.131000       3.069000       4.998000       5.577000    
   6.151000       6.716000       7.271000       7.812000       8.339000    
   8.844000       9.321000       10.34300       11.03600       11.58700    
   12.30000    
  -140.7300              41           0
  -28.56700      -28.23900      -27.34700      -26.54800      -24.35600    
  -20.33100      -16.64100      -14.94900      -13.45500      -12.16600    
  -10.62600      -9.857000      -9.250000      -6.801000      -6.010000    
  -5.614000      -4.724000      -3.622000      -2.992000      -1.735000    
  0.0000000E+00   1.735000       2.992000       3.622000       4.724000    
   5.614000       6.010000       6.801000       9.250000       9.857000    
   10.62600       12.16600       13.45500       14.94900       16.64100    
   20.33100       24.35600       26.54800       27.34700       28.23900    
   28.56700    
   12.30000       11.98900       11.39100       11.02100       10.29100    
   9.218000       8.200000       7.660000       7.108000       6.551000    
   5.721000       5.180000       4.650000       1.981000       1.300000    
   1.035000      0.5960000      0.2500000      0.1370000      2.9999999E-02
  0.0000000E+00  2.9999999E-02  0.1370000      0.2500000      0.5960000    
   1.035000       1.300000       1.981000       4.650000       5.180000    
   5.721000       6.551000       7.108000       7.660000       8.200000    
   9.218000       10.29100       11.02100       11.39100       11.98900    
   12.30000    
  -130.7300              45           0
  -29.16700      -28.74700      -28.37600      -27.88100      -27.23900    
  -26.42100      -25.40600      -24.19200      -21.28300      -18.80400    
  -15.56700      -13.62500      -12.66000      -11.88400      -9.373000    
  -8.267000      -7.535000      -6.597000      -5.561000      -4.938000    
  -4.201000      -2.293000      0.0000000E+00   2.293000       4.201000    
   4.938000       5.561000       6.597000       7.535000       8.267000    
   9.373000       11.88400       12.66000       13.62500       15.56700    
   18.80400       21.28300       24.19200       25.40600       26.42100    
   27.23900       27.88100       28.37600       28.74700       29.16700    
   12.30000       11.58400       11.19200       10.81100       10.42900    
   10.03400       9.612000       9.159000       8.167000       7.356000    
   6.241000       5.437000       4.930000       4.437000       2.511000    
   1.703000       1.237000      0.7480000      0.3550000      0.2080000    
  0.1010000      3.0000000E-03  0.0000000E+00  3.0000000E-03  0.1010000    
  0.2080000      0.3550000      0.7480000       1.237000       1.703000    
   2.511000       4.437000       4.930000       5.437000       6.241000    
   7.356000       8.167000       9.159000       9.612000       10.03400    
   10.42900       10.81100       11.19200       11.58400       12.30000    
  -120.7300              41           0
  -29.40000      -29.24100      -28.88500      -28.22500      -27.10300    
  -26.26900      -25.18200      -23.79100      -22.15300      -18.03700    
  -16.77400      -15.75100      -14.08900      -11.73600      -10.30300    
  -9.026000      -7.840000      -6.449000      -5.514000      -3.004000    
  0.0000000E+00   3.004000       5.514000       6.449000       7.840000    
   9.026000       10.30300       11.73600       14.08900       15.75100    
   16.77400       18.03700       22.15300       23.79100       25.18200    
   26.26900       27.10300       28.22500       28.88500       29.24100    
   29.40000    
   12.30000       11.58400       10.78800       9.985000       9.131000    
   8.671000       8.183000       7.661000       7.111000       5.739000    
   5.233000       4.751000       3.807000       2.380000       1.572000    
  0.9530000      0.4950000      0.1870000      9.0999998E-02  4.9999999E-03
  0.0000000E+00  4.9999999E-03  9.0999998E-02  0.1870000      0.4950000    
  0.9530000       1.572000       2.380000       3.807000       4.751000    
   5.233000       5.739000       7.111000       7.661000       8.183000    
   8.671000       9.131000       9.985000       10.78800       11.58400    
   12.30000    
  -110.7300              45           0
  -29.48200      -29.34400      -29.12800      -28.95300      -28.68800    
  -28.26100      -27.59600      -27.15100      -26.02700      -23.70300    
  -21.30700      -19.68800      -17.81200      -15.01400      -13.18100    
  -11.44200      -9.825000      -8.982000      -8.010000      -6.826000    
  -3.702000      -1.886000      0.0000000E+00   1.886000       3.702000    
   6.826000       8.010000       8.982000       9.825000       11.44200    
   13.18100       15.01400       17.81200       19.68800       21.30700    
   23.70300       26.02700       27.15100       27.59600       28.26100    
   28.68800       28.95300       29.12800       29.34400       29.48200    
   12.30000       10.78400       9.967000       9.550000       9.119000    
   8.669000       8.191000       7.939000       7.409000       6.473000    
   5.522000       4.799000       3.857000       2.387000       1.518000    
  0.8410000      0.3860000      0.2400000      0.1360000      6.8999998E-02
  8.0000004E-03  0.0000000E+00  0.0000000E+00  0.0000000E+00  8.0000004E-03
  6.8999998E-02  0.1360000      0.2400000      0.3860000      0.8410000    
   1.518000       2.387000       3.857000       4.799000       5.522000    
   6.473000       7.409000       7.939000       8.191000       8.669000    
   9.119000       9.550000       9.967000       10.78400       12.30000    
  -100.7300              37           0
  -29.49900      -29.45700      -29.37600      -29.19600      -28.99400    
  -28.65700      -28.14100      -26.63400      -24.83200      -22.06800    
  -19.10900      -16.95900      -14.70000      -12.50600      -10.86400    
  -9.621000      -6.108000      -2.232000      0.0000000E+00   2.232000    
   6.108000       9.621000       10.86400       12.50600       14.70000    
   16.95900       19.10900       22.06800       24.83200       26.63400    
   28.14100       28.65700       28.99400       29.19600       29.37600    
   29.45700       29.49900    
   12.30000       10.79600       9.975000       9.114000       8.658000    
   8.178000       7.669000       6.597000       5.559000       4.119000    
   2.565000       1.595000      0.8310000      0.3350000      0.1420000    
  7.5000003E-02  2.6000001E-02  1.0000000E-03  0.0000000E+00  1.0000000E-03
  2.6000001E-02  7.5000003E-02  0.1420000      0.3350000      0.8310000    
   1.595000       2.565000       4.119000       5.559000       6.597000    
   7.669000       8.178000       8.658000       9.114000       9.975000    
   10.79600       12.30000    
  -90.73000              41           0
  -29.50000      -29.40600      -29.26900      -28.90100      -28.19900    
  -27.72400      -26.86200      -26.19200      -23.77000      -21.77600    
  -20.62300      -19.35800      -18.01700      -16.65000      -15.30600    
  -14.00900      -12.67600      -7.422000      -5.098000      -2.594000    
  0.0000000E+00   2.594000       5.098000       7.422000       12.67600    
   14.00900       15.30600       16.65000       18.01700       19.35800    
   20.62300       21.77600       23.77000       26.19200       26.86200    
   27.72400       28.19900       28.90100       29.26900       29.40600    
   29.50000    
   12.30000       9.554000       8.637000       7.650000       6.618000    
   6.110000       5.380000       4.904000       3.337000       2.195000    
   1.673000       1.220000      0.8420000      0.5400000      0.3160000    
  0.1680000      8.1000000E-02  7.0000002E-03  2.0000001E-03  0.0000000E+00
  0.0000000E+00  0.0000000E+00  2.0000001E-03  7.0000002E-03  8.1000000E-02
  0.1680000      0.3160000      0.5400000      0.8420000       1.220000    
   1.673000       2.195000       3.337000       4.904000       5.380000    
   6.110000       6.618000       7.650000       8.637000       9.554000    
   12.30000    
  -80.73000              45           0
  -29.50100      -29.46000      -29.40200      -29.24000      -28.90500    
  -28.32900      -27.44500      -26.18700      -25.39300      -24.46800    
  -23.39300      -22.79500      -21.47700      -20.04500      -18.55900    
  -17.08300      -15.64700      -14.16500      -11.35000      -8.300000    
  -5.704000      -2.904000      0.0000000E+00   2.904000       5.704000    
   8.300000       11.35000       14.16500       15.64700       17.08300    
   18.55900       20.04500       21.47700       22.79500       23.39300    
   24.46800       25.39300       26.18700       27.44500       28.32900    
   28.90500       29.24000       29.40200       29.46000       29.50100    
   12.30000       9.554000       8.617000       7.633000       6.637000    
   5.673000       4.721000       3.632000       3.018000       2.400000    
   1.820000       1.556000       1.099000      0.7340000      0.4550000    
  0.2550000      0.1270000      5.6000002E-02  1.8999999E-02  4.0000002E-03
  1.0000000E-03  0.0000000E+00  0.0000000E+00  0.0000000E+00  1.0000000E-03
  4.0000002E-03  1.8999999E-02  5.6000002E-02  0.1270000      0.2550000    
  0.4550000      0.7340000       1.099000       1.556000       1.820000    
   2.400000       3.018000       3.632000       4.721000       5.673000    
   6.637000       7.633000       8.617000       9.554000       12.30000    
  -70.73000              45           0
  -29.50100      -29.49000      -29.46100      -29.38500      -29.21500    
  -28.88400      -28.29400      -27.58300      -26.94400      -26.15500    
  -25.20900      -24.09400      -23.47100      -22.11700      -20.66200    
  -19.15900      -17.65500      -16.12100      -12.52300      -8.949000    
  -6.147000      -3.128000      0.0000000E+00   3.128000       6.147000    
   8.949000       12.52300       16.12100       17.65500       19.15900    
   20.66200       22.11700       23.47100       24.09400       25.20900    
   26.15500       26.94400       27.58300       28.29400       28.88400    
   29.21500       29.38500       29.46100       29.49000       29.50100    
   12.30000       10.22100       8.606000       7.623000       6.646000    
   5.701000       4.750000       3.939000       3.321000       2.676000    
   2.051000       1.491000       1.248000      0.8430000      0.5330000    
  0.3080000      0.1590000      7.0000000E-02  9.9999998E-03  3.0000000E-03
  1.0000000E-03  0.0000000E+00  0.0000000E+00  0.0000000E+00  1.0000000E-03
  3.0000000E-03  9.9999998E-03  7.0000000E-02  0.1590000      0.3080000    
  0.5330000      0.8430000       1.248000       1.491000       2.051000    
   2.676000       3.321000       3.939000       4.750000       5.701000    
   6.646000       7.623000       8.606000       10.22100       12.30000    
  -60.73000              45           0
  -29.50100      -29.49300      -29.41600      -29.27900      -28.99400    
  -28.74300      -28.37800      -27.86900      -27.20200      -26.37900    
  -25.39900      -24.85200      -23.64800      -22.31900      -20.89600    
  -19.40800      -17.86300      -16.18500      -12.04100      -9.409000    
  -6.453000      -3.281000      0.0000000E+00   3.281000       6.453000    
   9.409000       12.04100       16.18500       17.86300       19.40800    
   20.89600       22.31900       23.64800       24.85200       25.39900    
   26.37900       27.20200       27.86900       28.37800       28.74300    
   28.99400       29.27900       29.41600       29.49300       29.50100    
   12.30000       9.085000       7.130000       6.173000       5.245000    
   4.759000       4.229000       3.634000       2.988000       2.337000    
   1.731000       1.460000       1.001000      0.6480000      0.3870000    
  0.2070000      9.6000001E-02  3.5999998E-02  4.0000002E-03  2.0000001E-03
  1.0000000E-03  0.0000000E+00  0.0000000E+00  0.0000000E+00  1.0000000E-03
  2.0000001E-03  4.0000002E-03  3.5999998E-02  9.6000001E-02  0.2070000    
  0.3870000      0.6480000       1.001000       1.460000       1.731000    
   2.337000       2.988000       3.634000       4.229000       4.759000    
   5.245000       6.173000       7.130000       9.085000       12.30000    
  -50.73000              45           0
  -29.50100      -29.49600      -29.43300      -29.31300      -29.00100    
  -28.68700      -28.22000      -27.58600      -26.79900      -25.87100    
  -25.35800      -24.24000      -23.00500      -21.65500      -20.19600    
  -18.61900      -16.85900      -14.83900      -12.47700      -9.727000    
  -6.660000      -3.383000      0.0000000E+00   3.383000       6.660000    
   9.727000       12.47700       14.83900       16.85900       18.61900    
   20.19600       21.65500       23.00500       24.24000       25.35800    
   25.87100       26.79900       27.58600       28.22000       28.68700    
   29.00100       29.31300       29.43300       29.49600       29.50100    
   12.30000       8.599000       6.646000       5.710000       4.760000    
   4.229000       3.631000       2.980000       2.324000       1.714000    
   1.441000      0.9810000      0.6280000      0.3700000      0.1930000    
  8.5000001E-02  2.8000001E-02  6.0000001E-03  2.0000001E-03  1.0000000E-03
  0.0000000E+00  0.0000000E+00  0.0000000E+00  0.0000000E+00  0.0000000E+00
  1.0000000E-03  2.0000001E-03  6.0000001E-03  2.8000001E-02  8.5000001E-02
  0.1930000      0.3700000      0.6280000      0.9810000       1.441000    
   1.714000       2.324000       2.980000       3.631000       4.229000    
   4.760000       5.710000       6.646000       8.599000       12.30000    
  -40.73000              45           0
  -29.50100      -29.49900      -29.46600      -29.39400      -29.15500    
  -28.87800      -28.44500      -27.84400      -27.09400      -26.21400    
  -25.73200      -24.68900      -23.52800      -22.23400      -20.79000    
  -19.17400      -17.33200      -15.20900      -12.74500      -9.908000    
  -6.772000      -3.436000      0.0000000E+00   3.436000       6.772000    
   9.908000       12.74500       15.20900       17.33200       19.17400    
   20.79000       22.23400       23.52800       24.68900       25.73200    
   26.21400       27.09400       27.84400       28.44500       28.87800    
   29.15500       29.39400       29.46600       29.49900       29.50100    
   12.30000       8.599000       6.644000       5.709000       4.761000    
   4.229000       3.629000       2.973000       2.312000       1.697000    
   1.423000      0.9610000      0.6090000      0.3520000      0.1780000    
  7.2999999E-02  1.8999999E-02  0.0000000E+00  1.0000000E-03  1.0000000E-03
  0.0000000E+00  0.0000000E+00  0.0000000E+00  0.0000000E+00  0.0000000E+00
  1.0000000E-03  1.0000000E-03  0.0000000E+00  1.8999999E-02  7.2999999E-02
  0.1780000      0.3520000      0.6090000      0.9610000       1.423000    
   1.697000       2.312000       2.973000       3.629000       4.229000    
   4.761000       5.709000       6.644000       8.599000       12.30000    
  -30.73000              41           0
  -29.50100      -29.50000      -29.44100      -29.25300      -29.01000    
  -28.61300      -28.05100      -27.34200      -26.50600      -25.56100    
  -24.50200      -23.30300      -21.93600      -20.37200      -18.57800    
  -14.14100      -11.42400      -9.941000      -6.780000      -3.436000    
  0.0000000E+00   3.436000       6.780000       9.941000       11.42400    
   14.14100       18.57800       20.37200       21.93600       23.30300    
   24.50200       25.56100       26.50600       27.34200       28.05100    
   28.61300       29.01000       29.25300       29.44100       29.50000    
   29.50100    
   12.30000       8.598000       5.710000       4.767000       4.235000    
   3.630000       2.967000       2.298000       1.675000       1.151000    
  0.7440000      0.4430000      0.2330000      0.1000000      2.8000001E-02
  6.0000001E-03  3.0000000E-03  2.0000001E-03  1.0000000E-03  0.0000000E+00
  0.0000000E+00  0.0000000E+00  1.0000000E-03  2.0000001E-03  3.0000000E-03
  6.0000001E-03  2.8000001E-02  0.1000000      0.2330000      0.4430000    
  0.7440000       1.151000       1.675000       2.298000       2.967000    
   3.630000       4.235000       4.767000       5.710000       8.598000    
   12.30000    
  -20.73000              45           0
  -29.50100      -29.50000      -29.48900      -29.41700      -29.30700    
  -29.09000      -28.72800      -28.20800      -27.54200      -26.74000    
  -25.81500      -24.75900      -23.54400      -22.13900      -20.51500    
  -18.64600      -16.50700      -14.07400      -11.32800      -9.843000    
  -6.700000      -3.392000      0.0000000E+00   3.392000       6.700000    
   9.843000       11.32800       14.07400       16.50700       18.64600    
   20.51500       22.13900       23.54400       24.75900       25.81500    
   26.74000       27.54200       28.20800       28.72800       29.09000    
   29.30700       29.41700       29.48900       29.50000       29.50100    
   12.30000       9.080000       6.634000       5.248000       4.767000    
   4.235000       3.626000       2.956000       2.278000       1.647000    
   1.119000      0.7140000      0.4160000      0.2120000      8.3999999E-02
  1.6000001E-02  8.9999996E-03  9.9999998E-03  4.9999999E-03  3.0000000E-03
  1.0000000E-03  0.0000000E+00  0.0000000E+00  0.0000000E+00  1.0000000E-03
  3.0000000E-03  4.9999999E-03  9.9999998E-03  8.9999996E-03  1.6000001E-02
  8.3999999E-02  0.2120000      0.4160000      0.7140000       1.119000    
   1.647000       2.278000       2.956000       3.626000       4.235000    
   4.767000       5.248000       6.634000       9.080000       12.30000    
  -10.73000              45           0
  -29.50100      -29.50000      -29.48100      -29.41000      -29.30600    
  -29.10500      -28.77100      -28.28700      -27.65500      -26.87500    
  -25.94900      -24.86700      -23.60700      -22.14500      -20.45800    
  -18.52800      -16.29300      -13.88000      -11.13700      -9.666000    
  -6.568000      -3.322000      0.0000000E+00   3.322000       6.568000    
   9.666000       11.13700       13.88000       16.29300       18.52800    
   20.45800       22.14500       23.60700       24.86700       25.94900    
   26.87500       27.65500       28.28700       28.77100       29.10500    
   29.30600       29.41000       29.48100       29.50000       29.50100    
   12.30000       9.991000       6.614000       5.226000       4.747000    
   4.216000       3.607000       2.934000       2.252000       1.620000    
   1.093000      0.6920000      0.4000000      0.2010000      7.8000002E-02
  1.4000000E-02  7.0000002E-03  1.1000000E-02  4.9999999E-03  3.0000000E-03
  1.0000000E-03  0.0000000E+00  0.0000000E+00  0.0000000E+00  1.0000000E-03
  3.0000000E-03  4.9999999E-03  1.1000000E-02  7.0000002E-03  1.4000000E-02
  7.8000002E-02  0.2010000      0.4000000      0.6920000       1.093000    
   1.620000       2.252000       2.934000       3.607000       4.216000    
   4.747000       5.226000       6.614000       9.991000       12.30000    
 -0.7299957              45           0
  -29.50100      -29.49800      -29.45200      -29.39300      -29.31400    
  -29.16300      -28.90700      -28.51800      -27.98400      -27.29300    
  -26.43600      -25.94300      -24.81800      -23.50100      -21.97900    
  -20.24200      -18.27800      -13.62200      -10.90800      -9.460000    
  -6.421000      -3.245000      0.0000000E+00   3.245000       6.421000    
   9.460000       10.90800       13.62200       18.27800       20.24200    
   21.97900       23.50100       24.81800       25.94300       26.43600    
   27.29300       27.98400       28.51800       28.90700       29.16300    
   29.31400       29.39300       29.45200       29.49800       29.50100    
   12.30000       9.757000       6.332000       5.403000       4.939000    
   4.440000       3.877000       3.235000       2.557000       1.900000    
   1.322000       1.079000      0.6870000      0.4030000      0.2100000    
  8.9000002E-02  2.4000000E-02  6.0000001E-03  3.0000000E-03  2.0000001E-03
  1.0000000E-03  0.0000000E+00  0.0000000E+00  0.0000000E+00  1.0000000E-03
  2.0000001E-03  3.0000000E-03  6.0000001E-03  2.4000000E-02  8.9000002E-02
  0.2100000      0.4030000      0.6870000       1.079000       1.322000    
   1.900000       2.557000       3.235000       3.877000       4.440000    
   4.939000       5.403000       6.332000       9.757000       12.30000    
   9.270004              41           0
  -29.50000      -29.49400      -29.40900      -29.31300      -29.04400    
  -28.77900      -28.39400      -27.86700      -27.17600      -26.30300    
  -25.23000      -23.95700      -22.48500      -20.81700      -18.95300    
  -14.58200      -12.04400      -9.261000      -6.284000      -3.175000    
  0.0000000E+00   3.175000       6.284000       9.261000       12.04400    
   14.58200       18.95300       20.81700       22.48500       23.95700    
   25.23000       26.30300       27.17600       27.86700       28.39400    
   28.77900       29.04400       29.31300       29.40900       29.49400    
   29.50000    
   12.30000       9.737000       6.265000       5.318000       4.356000    
   3.801000       3.173000       2.513000       1.876000       1.317000    
  0.8790000      0.5550000      0.3260000      0.1730000      7.9999998E-02
  8.9999996E-03  4.0000002E-03  1.0000000E-03  0.0000000E+00  0.0000000E+00
  0.0000000E+00  0.0000000E+00  0.0000000E+00  1.0000000E-03  4.0000002E-03
  8.9999996E-03  7.9999998E-02  0.1730000      0.3260000      0.5550000    
  0.8790000       1.317000       1.876000       2.513000       3.173000    
   3.801000       4.356000       5.318000       6.265000       9.737000    
   12.30000    
   19.27000              41           0
  -29.47800      -29.45500      -29.37500      -29.30400      -29.15500    
  -28.82400      -28.14000      -27.60500      -26.90400      -26.00700    
  -24.89200      -23.57000      -22.05600      -20.36800      -18.51500    
  -14.24300      -11.77100      -9.057000      -6.148000      -3.107000    
  0.0000000E+00   3.107000       6.148000       9.057000       11.77100    
   14.24300       18.51500       20.36800       22.05600       23.57000    
   24.89200       26.00700       26.90400       27.60500       28.14000    
   28.82400       29.15500       29.30400       29.37500       29.45500    
   29.47800    
   12.30000       9.713000       7.224000       6.182000       5.211000    
   4.246000       3.097000       2.466000       1.859000       1.328000    
  0.9100000      0.5990000      0.3770000      0.2240000      0.1240000    
  3.2000002E-02  1.6000001E-02  7.0000002E-03  3.0000000E-03  1.0000000E-03
  0.0000000E+00  1.0000000E-03  3.0000000E-03  7.0000002E-03  1.6000001E-02
  3.2000002E-02  0.1240000      0.2240000      0.3770000      0.5990000    
  0.9100000       1.328000       1.859000       2.466000       3.097000    
   4.246000       5.211000       6.182000       7.224000       9.713000    
   12.30000    
   29.27000              41           0
  -29.41200      -29.36900      -29.19900      -29.08500      -28.87000    
  -28.46100      -27.72800      -27.17900      -26.46100      -25.53800    
  -24.38600      -23.02400      -21.48200      -19.79000      -17.96900    
  -15.99400      -11.44500      -8.814000      -5.987000      -3.027000    
  0.0000000E+00   3.027000       5.987000       8.814000       11.44500    
   15.99400       17.96900       19.79000       21.48200       23.02400    
   24.38600       25.53800       26.46100       27.17900       27.72800    
   28.46100       28.87000       29.08500       29.19900       29.36900    
   29.41200    
   12.30000       10.35600       7.169000       6.097000       5.100000    
   4.132000       3.023000       2.425000       1.854000       1.353000    
  0.9580000      0.6600000      0.4420000      0.2870000      0.1780000    
  0.1060000      3.2000002E-02  1.6000001E-02  6.0000001E-03  2.0000001E-03
  0.0000000E+00  2.0000001E-03  6.0000001E-03  1.6000001E-02  3.2000002E-02
  0.1060000      0.1780000      0.2870000      0.4420000      0.6600000    
  0.9580000       1.353000       1.854000       2.425000       3.023000    
   4.132000       5.100000       6.097000       7.169000       10.35600    
   12.30000    
   39.27000              45           0
  -29.27200      -29.11600      -28.85600      -28.68000      -28.38100    
  -28.16200      -27.52700      -27.08400      -26.51500      -25.78000    
  -24.83600      -23.65700      -22.27100      -20.71900      -19.04200    
  -17.26900      -15.37100      -13.23900      -11.02000      -8.495000    
  -5.774000      -2.921000      0.0000000E+00   2.921000       5.774000    
   8.495000       11.02000       13.23900       15.37100       17.26900    
   19.04200       20.71900       22.27100       23.65700       24.83600    
   25.78000       26.51500       27.08400       27.52700       28.16200    
   28.38100       28.68000       28.85600       29.11600       29.27200    
   12.30000       9.661000       7.117000       6.018000       4.997000    
   4.515000       3.513000       2.961000       2.400000       1.866000    
   1.398000       1.024000      0.7360000      0.5200000      0.3600000    
  0.2400000      0.1540000      9.6000001E-02  5.4000001E-02  2.8000001E-02
  1.3000000E-02  4.9999999E-03  0.0000000E+00  4.9999999E-03  1.3000000E-02
  2.8000001E-02  5.4000001E-02  9.6000001E-02  0.1540000      0.2400000    
  0.3600000      0.5200000      0.7360000       1.024000       1.398000    
   1.866000       2.400000       2.961000       3.513000       4.515000    
   4.997000       6.018000       7.117000       9.661000       12.30000    
   49.27000              45           0
  -29.03100      -28.72300      -28.48700      -28.23300      -27.94400    
  -27.74500      -27.35800      -26.63600      -26.16400      -25.57600    
  -24.82600      -23.87000      -22.68000      -21.28800      -19.74600    
  -18.10300      -16.39300      -14.58300      -12.62200      -8.069000    
  -5.486000      -2.776000      0.0000000E+00   2.776000       5.486000    
   8.069000       12.62200       14.58300       16.39300       18.10300    
   19.74600       21.28800       22.68000       23.87000       24.82600    
   25.57600       26.16400       26.63600       27.35800       27.74500    
   27.94400       28.23300       28.48700       28.72300       29.03100    
   12.30000       9.638000       8.160000       6.792000       5.685000    
   5.165000       4.430000       3.446000       2.924000       2.399000    
   1.902000       1.464000       1.107000      0.8260000      0.6080000    
  0.4380000      0.3070000      0.2060000      0.1320000      4.5000002E-02
  2.3000000E-02  8.9999996E-03  0.0000000E+00  8.9999996E-03  2.3000000E-02
  4.5000002E-02  0.1320000      0.2060000      0.3070000      0.4380000    
  0.6080000      0.8260000       1.107000       1.464000       1.902000    
   2.399000       2.924000       3.446000       4.430000       5.165000    
   5.685000       6.792000       8.160000       9.638000       12.30000    
   59.27000              45           0
  -28.65900      -28.26500      -28.00100      -27.34400      -26.93500    
  -26.67500      -26.19800      -25.38100      -24.87800      -24.27100    
  -23.51300      -22.55900      -21.37900      -20.01000      -18.50500    
  -16.91800      -15.28400      -13.57200      -11.73200      -7.488000    
  -5.089000      -2.574000      0.0000000E+00   2.574000       5.089000    
   7.488000       11.73200       13.57200       15.28400       16.91800    
   18.50500       20.01000       21.37900       22.55900       23.51300    
   24.27100       24.87800       25.38100       26.19800       26.67500    
   26.93500       27.34400       28.00100       28.26500       28.65900    
   12.30000       10.30300       9.144000       6.761000       5.646000    
   5.122000       4.383000       3.419000       2.923000       2.433000    
   1.970000       1.557000       1.212000      0.9310000      0.7040000    
  0.5220000      0.3770000      0.2630000      0.1760000      6.7000002E-02
  3.7000000E-02  1.6000001E-02  0.0000000E+00  1.6000001E-02  3.7000000E-02
  6.7000002E-02  0.1760000      0.2630000      0.3770000      0.5220000    
  0.7040000      0.9310000       1.212000       1.557000       1.970000    
   2.433000       2.923000       3.419000       4.383000       5.122000    
   5.646000       6.761000       9.144000       10.30300       12.30000    
   69.27000              45           0
  -28.10700      -27.47200      -26.87600      -26.22400      -25.69700    
  -25.38700      -24.64400      -23.73000      -23.20000      -22.57900    
  -21.82400      -20.88900      -19.74400      -18.42700      -16.98800    
  -15.47900      -13.93500      -10.62300      -8.590000      -6.744000    
  -4.576000      -2.313000      0.0000000E+00   2.313000       4.576000    
   6.744000       8.590000       10.62300       13.93500       15.47900    
   16.98800       18.42700       19.74400       20.88900       21.82400    
   22.57900       23.20000       23.73000       24.64400       25.38700    
   25.69700       26.22400       26.87600       27.47200       28.10700    
   12.30000       10.28900       8.633000       7.029000       5.915000    
   5.378000       4.381000       3.436000       2.965000       2.505000    
   2.070000       1.676000       1.336000       1.047000      0.8060000    
  0.6080000      0.4480000      0.2250000      0.1450000      9.6000001E-02
  5.6000002E-02  2.6000001E-02  0.0000000E+00  2.6000001E-02  5.6000002E-02
  9.6000001E-02  0.1450000      0.2250000      0.4480000      0.6080000    
  0.8060000       1.047000       1.336000       1.676000       2.070000    
   2.505000       2.965000       3.436000       4.381000       5.378000    
   5.915000       7.029000       8.633000       10.28900       12.30000    
   79.27000              45           0
  -27.36100      -26.44000      -25.61100      -25.03800      -24.39800    
  -23.65700      -22.78000      -21.77400      -21.21800      -20.59000    
  -19.84700      -18.94500      -17.85800      -16.61600      -15.26500    
  -13.85300      -12.41200      -10.92400      -9.359000      -5.888000    
  -3.984000      -2.010000      0.0000000E+00   2.010000       3.984000    
   5.888000       9.359000       10.92400       12.41200       13.85300    
   15.26500       16.61600       17.85800       18.94500       19.84700    
   20.59000       21.21800       21.77400       22.78000       23.65700    
   24.39800       25.03800       25.61100       26.44000       27.36100    
   12.30000       10.27500       8.618000       7.571000       6.478000    
   5.406000       4.415000       3.488000       3.039000       2.605000    
   2.193000       1.813000       1.471000       1.171000      0.9110000    
  0.6950000      0.5210000      0.3840000      0.2780000      0.1310000    
  7.9999998E-02  3.7999999E-02  0.0000000E+00  3.7999999E-02  7.9999998E-02
  0.1310000      0.2780000      0.3840000      0.5210000      0.6950000    
  0.9110000       1.171000       1.471000       1.813000       2.193000    
   2.605000       3.039000       3.488000       4.415000       5.406000    
   6.478000       7.571000       8.618000       10.27500       12.30000    
   89.27000              45           0
  -26.38000      -25.28400      -24.08100      -23.36200      -22.56900    
  -21.68100      -20.68200      -19.59500      -19.02200      -18.39500    
  -17.67400      -16.82000      -15.80500      -14.65600      -13.41100    
  -12.11100      -10.78400      -9.424000      -8.013000      -4.976000    
  -3.353000      -1.688000      0.0000000E+00   1.688000       3.353000    
   4.976000       8.013000       9.424000       10.78400       12.11100    
   13.41100       14.65600       15.80500       16.82000       17.67400    
   18.39500       19.02200       19.59500       20.68200       21.68100    
   22.56900       23.36200       24.08100       25.28400       26.38000    
   12.30000       10.47600       8.600000       7.564000       6.500000    
   5.455000       4.475000       3.564000       3.133000       2.721000    
   2.328000       1.958000       1.611000       1.294000       1.015000    
  0.7800000      0.5930000      0.4470000      0.3340000      0.1710000    
  0.1080000      5.2000001E-02  0.0000000E+00  5.2000001E-02  0.1080000    
  0.1710000      0.3340000      0.4470000      0.5930000      0.7800000    
   1.015000       1.294000       1.611000       1.958000       2.328000    
   2.721000       3.133000       3.564000       4.475000       5.455000    
   6.500000       7.564000       8.600000       10.47600       12.30000    
   99.27000              45           0
  -25.10500      -24.52900      -23.23500      -22.49400      -21.67500    
  -20.78600      -20.31100      -19.55500      -18.46200      -17.32200    
  -16.74600      -16.13500      -15.45000      -14.65500      -13.72200    
  -12.67400      -11.54300      -10.36500      -9.165000      -7.944000    
  -5.415000      -2.748000      0.0000000E+00   2.748000       5.415000    
   7.944000       9.165000       10.36500       11.54300       12.67400    
   13.72200       14.65500       15.45000       16.13500       16.74600    
   17.32200       18.46200       19.55500       20.31100       20.78600    
   21.67500       22.49400       23.23500       24.52900       25.10500    
   12.30000       11.51000       9.781000       8.824000       7.811000    
   6.783000       6.271000       5.516000       4.546000       3.646000    
   3.231000       2.836000       2.458000       2.094000       1.741000    
   1.409000       1.111000      0.8600000      0.6620000      0.5110000    
  0.2980000      0.1390000      0.0000000E+00  0.1390000      0.2980000    
  0.5110000      0.6620000      0.8600000       1.111000       1.409000    
   1.741000       2.094000       2.458000       2.836000       3.231000    
   3.646000       4.546000       5.516000       6.271000       6.783000    
   7.811000       8.824000       9.781000       11.51000       12.30000    
   109.2700              45           0
  -23.46800      -21.88400      -20.48600      -19.60800      -18.67200    
  -18.17600      -17.38800      -16.25500      -15.10500      -14.54500    
  -13.96800      -13.33500      -12.60700      -11.75700      -10.80800    
  -9.790000      -8.736000      -7.674000      -6.607000      -5.531000    
  -4.444000      -2.236000      0.0000000E+00   2.236000       4.444000    
   5.531000       6.607000       7.674000       8.736000       9.790000    
   10.80800       11.75700       12.60700       13.33500       13.96800    
   14.54500       15.10500       16.25500       17.38800       18.17600    
   18.67200       19.60800       20.48600       21.88400       23.46800    
   12.30000       10.41500       8.782000       7.787000       6.796000    
   6.305000       5.574000       4.613000       3.719000       3.313000    
   2.931000       2.565000       2.205000       1.847000       1.504000    
   1.193000      0.9300000      0.7270000      0.5730000      0.4530000    
  0.3540000      0.1720000      0.0000000E+00  0.1720000      0.3540000    
  0.4530000      0.5730000      0.7270000      0.9300000       1.193000    
   1.504000       1.847000       2.205000       2.565000       2.931000    
   3.313000       3.719000       4.613000       5.574000       6.305000    
   6.796000       7.787000       8.782000       10.41500       12.30000    
   119.2700              45           0
  -21.44700      -20.89800      -19.29900      -17.58400      -16.68400    
  -15.72600      -15.20800      -14.09400      -12.98000      -12.45800    
  -11.93100      -11.36100      -10.70800      -9.944000      -9.092000    
  -8.188000      -7.264000      -6.805000      -5.897000      -4.996000    
  -4.097000      -1.830000      0.0000000E+00   1.830000       4.097000    
   4.996000       5.897000       6.805000       7.264000       8.188000    
   9.092000       9.944000       10.70800       11.36100       11.93100    
   12.45800       12.98000       14.09400       15.20800       15.72600    
   16.68400       17.58400       19.29900       20.89800       21.44700    
   12.30000       11.68400       9.921000       8.004000       7.044000    
   6.102000       5.627000       4.671000       3.775000       3.375000    
   3.000000       2.641000       2.285000       1.926000       1.578000    
   1.261000      0.9930000      0.8820000      0.7050000      0.5700000    
  0.4600000      0.2050000      0.0000000E+00  0.2050000      0.4600000    
  0.5700000      0.7050000      0.8820000      0.9930000       1.261000    
   1.578000       1.926000       2.285000       2.641000       3.000000    
   3.375000       3.775000       4.671000       5.627000       6.102000    
   7.044000       8.004000       9.921000       11.68400       12.30000    
   129.2700              41           0
  -19.02600      -18.20900      -17.44100      -16.18200      -14.75200    
  -13.92500      -13.01500      -11.98200      -10.47900      -10.01100    
  -9.510000      -8.937000      -7.903000      -7.135000      -6.348000    
  -5.958000      -5.199000      -4.463000      -3.737000      -1.519000    
  0.0000000E+00   1.519000       3.737000       4.463000       5.199000    
   5.958000       6.348000       7.135000       7.903000       8.937000    
   9.510000       10.01100       10.47900       11.98200       13.01500    
   13.92500       14.75200       16.18200       17.44100       18.20900    
   19.02600    
   12.30000       11.41600       10.58000       9.176000       7.517000    
   6.602000       5.677000       4.721000       3.416000       3.043000    
   2.686000       2.332000       1.800000       1.467000       1.174000    
   1.048000      0.8440000      0.6910000      0.5700000      0.2360000    
  0.0000000E+00  0.2360000      0.5700000      0.6910000      0.8440000    
   1.048000       1.174000       1.467000       1.800000       2.332000    
   2.686000       3.043000       3.416000       4.721000       5.677000    
   6.602000       7.517000       9.176000       10.58000       11.41600    
   12.30000    
   139.2700              45           0
  -16.15100      -15.41800      -14.63600      -13.65300      -12.92400    
  -11.90700      -11.20600      -10.81400      -10.15900      -9.699000    
  -8.813000      -8.399000      -7.977000      -7.265000      -6.706000    
  -6.095000      -5.463000      -4.837000      -4.239000      -3.663000    
  -3.091000      -1.281000      0.0000000E+00   1.281000       3.091000    
   3.663000       4.239000       4.837000       5.463000       6.095000    
   6.706000       7.265000       7.977000       8.399000       8.813000    
   9.699000       10.15900       10.81400       11.20600       11.90700    
   12.92400       13.65300       14.63600       15.41800       16.15100    
   12.30000       11.48900       10.59900       9.420000       8.478000    
   7.102000       6.192000       5.724000       5.002000       4.524000    
   3.637000       3.243000       2.874000       2.343000       1.994000    
   1.660000       1.357000       1.100000      0.9010000      0.7470000    
  0.6210000      0.2600000      0.0000000E+00  0.2600000      0.6210000    
  0.7470000      0.9010000       1.100000       1.357000       1.660000    
   1.994000       2.343000       2.874000       3.243000       3.637000    
   4.524000       5.002000       5.724000       6.192000       7.102000    
   8.478000       9.420000       10.59900       11.48900       12.30000    
   149.2700              45           0
  -12.86100      -12.24400      -11.57900      -10.76900      -10.20900    
  -9.711000      -9.329000      -8.974000      -8.686000      -8.361000    
  -7.644000      -7.082000      -6.319000      -5.918000      -5.496000    
  -5.055000      -4.602000      -3.920000      -3.475000      -3.031000    
  -2.105000      -1.083000      0.0000000E+00   1.083000       2.105000    
   3.031000       3.475000       3.920000       4.602000       5.055000    
   5.496000       5.918000       6.319000       7.082000       7.644000    
   8.361000       8.686000       8.974000       9.329000       9.711000    
   10.20900       10.76900       11.57900       12.24400       12.86100    
   12.30000       11.55100       10.67400       9.493000       8.565000    
   7.649000       6.911000       6.240000       5.754000       5.263000    
   4.306000       3.642000       2.849000       2.486000       2.141000    
   1.818000       1.522000       1.147000      0.9510000      0.7890000    
  0.5210000      0.2630000      0.0000000E+00  0.2630000      0.5210000    
  0.7890000      0.9510000       1.147000       1.522000       1.818000    
   2.141000       2.486000       2.849000       3.642000       4.306000    
   5.263000       5.754000       6.240000       6.911000       7.649000    
   8.565000       9.493000       10.67400       11.55100       12.30000    
   159.2700              45           0
  -9.628000      -9.203000      -8.961000      -8.492000      -8.177000    
  -7.837000      -7.556000      -7.217000      -6.907000      -6.566000    
  -6.320000      -6.037000      -5.713000      -5.355000      -4.980000    
  -4.256000      -3.611000      -3.125000      -2.779000      -2.413000    
  -1.639000     -0.8280000      0.0000000E+00  0.8280000       1.639000    
   2.413000       2.779000       3.125000       3.611000       4.256000    
   4.980000       5.355000       5.713000       6.037000       6.320000    
   6.566000       6.907000       7.217000       7.556000       7.837000    
   8.177000       8.492000       8.961000       9.203000       9.628000    
   12.30000       11.64600       11.22300       10.29700       9.583000    
   8.665000       7.747000       6.538000       5.621000       4.909000    
   4.477000       4.049000       3.622000       3.203000       2.800000    
   2.085000       1.519000       1.170000      0.9650000      0.7780000    
  0.4620000      0.2130000      0.0000000E+00  0.2130000      0.4620000    
  0.7780000      0.9650000       1.170000       1.519000       2.085000    
   2.800000       3.203000       3.622000       4.049000       4.477000    
   4.909000       5.621000       6.538000       7.747000       8.665000    
   9.583000       10.29700       11.22300       11.64600       12.30000    
   169.2700              41           0
  -6.949000      -6.642000      -6.373000      -6.271000      -6.138000    
  -6.067000      -6.005000      -5.943000      -5.857000      -5.761000    
  -5.542000      -5.211000      -4.962000      -4.469000      -3.726000    
  -3.078000      -2.494000      -1.837000      -1.001000     -0.4570000    
  0.0000000E+00  0.4570000       1.001000       1.837000       2.494000    
   3.078000       3.726000       4.469000       4.962000       5.211000    
   5.542000       5.761000       5.857000       5.943000       6.005000    
   6.067000       6.138000       6.271000       6.373000       6.642000    
   6.949000    
   12.30000       11.55000       10.61700       10.12300       9.161000    
   8.246000       7.053000       6.159000       5.626000       5.299000    
   4.757000       4.146000       3.783000       3.177000       2.376000    
   1.754000       1.274000      0.8070000      0.3130000      0.1030000    
  0.0000000E+00  0.1030000      0.3130000      0.8070000       1.274000    
   1.754000       2.376000       3.177000       3.783000       4.146000    
   4.757000       5.299000       5.626000       6.159000       7.053000    
   8.246000       9.161000       10.12300       10.61700       11.55000    
   12.30000    
   179.2700              45           0
  -3.950000      -3.828000      -3.797000      -3.857000      -3.954000    
  -4.170000      -4.351000      -4.520000      -4.675000      -4.779000    
  -4.859000      -4.831000      -4.732000      -4.591000      -4.321000    
  -4.099000      -3.511000      -2.877000      -2.329000      -1.438000    
 -0.8290000     -0.3650000      0.0000000E+00  0.3650000      0.8290000    
   1.438000       2.329000       2.877000       3.511000       4.099000    
   4.321000       4.591000       4.732000       4.831000       4.859000    
   4.779000       4.675000       4.520000       4.351000       4.170000    
   3.954000       3.857000       3.797000       3.828000       3.950000    
   12.30000       11.60300       10.86600       10.27500       9.717000    
   8.736000       8.029000       7.406000       6.818000       6.362000    
   5.757000       5.225000       4.824000       4.432000       3.916000    
   3.572000       2.786000       2.063000       1.549000      0.8010000    
  0.3330000      9.0999998E-02  0.0000000E+00  9.0999998E-02  0.3330000    
  0.8010000       1.549000       2.063000       2.786000       3.572000    
   3.916000       4.432000       4.824000       5.225000       5.757000    
   6.362000       6.818000       7.406000       8.029000       8.736000    
   9.717000       10.27500       10.86600       11.60300       12.30000    
   189.2700              37           0
 -0.9700000      -1.233000      -1.556000      -2.391000      -3.014000    
  -3.576000      -3.800000      -4.037000      -4.135000      -4.201000    
  -4.163000      -3.969000      -3.809000      -3.427000      -3.043000    
  -2.155000      -1.393000     -0.6450000      0.0000000E+00  0.6450000    
   1.393000       2.155000       3.043000       3.427000       3.809000    
   3.969000       4.163000       4.201000       4.135000       4.037000    
   3.800000       3.576000       3.014000       2.391000       1.556000    
   1.233000      0.9700000    
   12.30000       11.74800       11.29100       10.19800       9.300000    
   8.318000       7.812000       7.051000       6.564000       5.738000    
   5.323000       4.636000       4.285000       3.701000       3.254000    
   2.378000       1.772000       1.335000       1.097000       1.335000    
   1.772000       2.378000       3.254000       3.701000       4.285000    
   4.636000       5.323000       5.738000       6.564000       7.051000    
   7.812000       8.318000       9.300000       10.19800       11.29100    
   11.74800       12.30000    
   194.2700              45           0
 -2.2000000E-02 -0.7400000      -1.177000      -1.803000      -2.623000    
  -3.059000      -3.431000      -3.764000      -4.020000      -4.177000    
  -4.212000      -4.189000      -4.063000      -3.860000      -3.597000    
  -3.282000      -2.868000      -2.441000      -2.062000      -1.808000    
  -1.389000     -0.7660000      0.0000000E+00  0.7660000       1.389000    
   1.808000       2.062000       2.441000       2.868000       3.282000    
   3.597000       3.860000       4.063000       4.189000       4.212000    
   4.177000       4.020000       3.764000       3.431000       3.059000    
   2.623000       1.803000       1.177000      0.7400000      2.2000000E-02
   12.30000       12.05700       11.83600       11.35100       10.54900    
   10.05700       9.600000       9.113000       8.620000       8.116000    
   7.861000       7.342000       6.823000       6.311000       5.810000    
   5.312000       4.759000       4.282000       3.940000       3.759000    
   3.534000       3.322000       3.184000       3.322000       3.534000    
   3.759000       3.940000       4.282000       4.759000       5.312000    
   5.810000       6.311000       6.823000       7.342000       7.861000    
   8.116000       8.620000       9.113000       9.600000       10.05700    
   10.54900       11.35100       11.83600       12.05700       12.30000    
   196.7700              45           0
 -2.7000001E-02 -0.1060000     -0.5090000     -0.8550000      -1.091000    
  -1.727000      -2.145000      -2.574000      -2.936000      -3.074000    
  -3.259000      -3.335000      -3.312000      -3.194000      -2.976000    
  -2.831000      -2.442000      -2.208000      -1.972000      -1.793000    
  -1.383000     -0.8480000      0.0000000E+00  0.8480000       1.383000    
   1.793000       1.972000       2.208000       2.442000       2.831000    
   2.976000       3.194000       3.312000       3.335000       3.259000    
   3.074000       2.936000       2.574000       2.145000       1.727000    
   1.091000      0.8550000      0.5090000      0.1060000      2.7000001E-02
   12.30000       12.10600       12.07400       11.98800       11.84200    
   11.28500       10.87800       10.40700       9.908000       9.657000    
   9.164000       8.687000       8.225000       7.758000       7.278000    
   7.035000       6.524000       6.272000       6.064000       5.940000    
   5.748000       5.600000       5.448000       5.600000       5.748000    
   5.940000       6.064000       6.272000       6.524000       7.035000    
   7.278000       7.758000       8.225000       8.687000       9.164000    
   9.657000       9.908000       10.40700       10.87800       11.28500    
   11.84200       11.98800       12.07400       12.10600       12.30000    
